Archive:  /mnt/data/openpatch_agent_gateway_v16_candidate.zip
    testing: openpatch_agent_gateway_v16_candidate/   OK
    testing: openpatch_agent_gateway_v16_candidate/openpatch-main/   OK
    testing: openpatch_agent_gateway_v16_candidate/openpatch-main/.github/   OK
    testing: openpatch_agent_gateway_v16_candidate/openpatch-main/.github/workflows/   OK
    testing: openpatch_agent_gateway_v16_candidate/openpatch-main/.github/workflows/apply-ai-patch.yml   OK
    testing: openpatch_agent_gateway_v16_candidate/openpatch-main/.gitignore   OK
    testing: openpatch_agent_gateway_v16_candidate/openpatch-main/README.md   OK
    testing: openpatch_agent_gateway_v16_candidate/openpatch-main/content.css   OK
    testing: openpatch_agent_gateway_v16_candidate/openpatch-main/manifest.json   OK
    testing: openpatch_agent_gateway_v16_candidate/openpatch-main/package.json   OK
    testing: openpatch_agent_gateway_v16_candidate/openpatch-main/pages/   OK
    testing: openpatch_agent_gateway_v16_candidate/openpatch-main/pages/about.html   OK
    testing: openpatch_agent_gateway_v16_candidate/openpatch-main/pages/options.html   OK
    testing: openpatch_agent_gateway_v16_candidate/openpatch-main/pages/popup.html   OK
    testing: openpatch_agent_gateway_v16_candidate/openpatch-main/pages/submit.html   OK
    testing: openpatch_agent_gateway_v16_candidate/openpatch-main/src/   OK
    testing: openpatch_agent_gateway_v16_candidate/openpatch-main/src/background.js   OK
    testing: openpatch_agent_gateway_v16_candidate/openpatch-main/src/content-script.js   OK
    testing: openpatch_agent_gateway_v16_candidate/openpatch-main/src/downloads.js   OK
    testing: openpatch_agent_gateway_v16_candidate/openpatch-main/src/github.js   OK
    testing: openpatch_agent_gateway_v16_candidate/openpatch-main/src/options.js   OK
    testing: openpatch_agent_gateway_v16_candidate/openpatch-main/src/page-bridge.js   OK
    testing: openpatch_agent_gateway_v16_candidate/openpatch-main/src/popup.js   OK
    testing: openpatch_agent_gateway_v16_candidate/openpatch-main/src/storage.js   OK
    testing: openpatch_agent_gateway_v16_candidate/openpatch-main/src/submit.js   OK
    testing: openpatch_agent_gateway_v16_candidate/openpatch-main/src/uploader.js   OK
    testing: openpatch_agent_gateway_v16_candidate/openpatch-main/src/utils.js   OK
    testing: openpatch_agent_gateway_v16_candidate/openpatch-main/styles.css   OK
    testing: openpatch_agent_gateway_v16_candidate/openpatch-main/test/   OK
    testing: openpatch_agent_gateway_v16_candidate/openpatch-main/test/github.test.js   OK
    testing: openpatch_agent_gateway_v16_candidate/openpatch-main/test/uploader.test.js   OK
    testing: openpatch_agent_gateway_v16_candidate/openpatch-main/test/utils.test.js   OK
    testing: openpatch_agent_gateway_v16_candidate/docs/   OK
    testing: openpatch_agent_gateway_v16_candidate/docs/00_DECISION_SUMMARY.md   OK
    testing: openpatch_agent_gateway_v16_candidate/docs/01_V3_IMPLEMENTATION_REPORT.md   OK
    testing: openpatch_agent_gateway_v16_candidate/docs/02_AGENT_API_SPEC_V3.md   OK
    testing: openpatch_agent_gateway_v16_candidate/docs/03_ROUTE_PROFILE_RESOLVER_PLAN.md   OK
    testing: openpatch_agent_gateway_v16_candidate/docs/04_LOCAL_BRIDGE_MVP.md   OK
    testing: openpatch_agent_gateway_v16_candidate/docs/05_AUTO_CONTINUE_INTEGRATION.md   OK
    testing: openpatch_agent_gateway_v16_candidate/docs/06_CODEX_CONTROL_WORKFLOW.md   OK
    testing: openpatch_agent_gateway_v16_candidate/docs/07_MULTI_CONTEXT_FAILURES.md   OK
    testing: openpatch_agent_gateway_v16_candidate/docs/08_NEXT_ITERATION_TASKS.md   OK
    testing: openpatch_agent_gateway_v16_candidate/docs/09_V4_IMPLEMENTATION_REPORT.md   OK
    testing: openpatch_agent_gateway_v16_candidate/docs/10_V4_AGENT_API_QUICK_REFERENCE.md   OK
    testing: openpatch_agent_gateway_v16_candidate/docs/11_V5_IMPLEMENTATION_REPORT.md   OK
    testing: openpatch_agent_gateway_v16_candidate/docs/12_V5_AGENT_API_QUICK_REFERENCE.md   OK
    testing: openpatch_agent_gateway_v16_candidate/docs/13_V5_MULTI_KEY_MULTI_REPO_PLAN.md   OK
    testing: openpatch_agent_gateway_v16_candidate/docs/14_V6_IMPLEMENTATION_REPORT.md   OK
    testing: openpatch_agent_gateway_v16_candidate/docs/15_V6_AGENT_API_QUICK_REFERENCE.md   OK
    testing: openpatch_agent_gateway_v16_candidate/docs/16_V6_AUTO_CONTINUE_BRIDGE.md   OK
    testing: openpatch_agent_gateway_v16_candidate/docs/17_V6_MULTI_PAGE_RELIABILITY.md   OK
    testing: openpatch_agent_gateway_v16_candidate/docs/18_V7_IMPLEMENTATION_REPORT.md   OK
    testing: openpatch_agent_gateway_v16_candidate/docs/19_V7_AGENT_API_QUICK_REFERENCE.md   OK
    testing: openpatch_agent_gateway_v16_candidate/docs/20_V8_IMPLEMENTATION_REPORT.md   OK
    testing: openpatch_agent_gateway_v16_candidate/docs/21_V8_AGENT_API_QUICK_REFERENCE.md   OK
    testing: openpatch_agent_gateway_v16_candidate/docs/22_V8_FAILURE_MODES_AND_PREVENTION.md   OK
    testing: openpatch_agent_gateway_v16_candidate/docs/23_V9_IMPLEMENTATION_REPORT.md.bak   OK
    testing: openpatch_agent_gateway_v16_candidate/docs/24_V9_AGENT_API_QUICK_REFERENCE.md   OK
    testing: openpatch_agent_gateway_v16_candidate/docs/25_V9_ROUTE_CONFLICT_AND_REAL_SMOKE_PLAN.md   OK
    testing: openpatch_agent_gateway_v16_candidate/docs/26_V10_IMPLEMENTATION_REPORT.md   OK
    testing: openpatch_agent_gateway_v16_candidate/docs/27_V10_AGENT_API_QUICK_REFERENCE.md   OK
    testing: openpatch_agent_gateway_v16_candidate/docs/28_V10_MULTI_BROWSER_ROUTE_PREVENTION.md   OK
    testing: openpatch_agent_gateway_v16_candidate/docs/29_V11_IMPLEMENTATION_REPORT.md   OK
    testing: openpatch_agent_gateway_v16_candidate/docs/30_V11_AGENT_API_QUICK_REFERENCE.md   OK
    testing: openpatch_agent_gateway_v16_candidate/docs/31_V11_REAL_SMOKE_HANDOFF.md   OK
    testing: openpatch_agent_gateway_v16_candidate/docs/32_V11_STATUS_AND_NEXT_TASKS.md   OK
    testing: openpatch_agent_gateway_v16_candidate/docs/33_V12_IMPLEMENTATION_REPORT.md   OK
    testing: openpatch_agent_gateway_v16_candidate/docs/34_V12_CODEX_API_QUICK_REFERENCE.md   OK
    testing: openpatch_agent_gateway_v16_candidate/docs/35_V12_REAL_SMOKE_GATE.md   OK
    testing: openpatch_agent_gateway_v16_candidate/docs/36_V13_IMPLEMENTATION_REPORT.md   OK
    testing: openpatch_agent_gateway_v16_candidate/docs/37_V13_AGENT_API_QUICK_REFERENCE.md   OK
    testing: openpatch_agent_gateway_v16_candidate/docs/38_V13_ALIAS_BINDING_AND_SCALE_PREVENTION.md   OK
    testing: openpatch_agent_gateway_v16_candidate/docs/39_V14_IMPLEMENTATION_REPORT.md   OK
    testing: openpatch_agent_gateway_v16_candidate/docs/40_V14_AGENT_API_QUICK_REFERENCE.md   OK
    testing: openpatch_agent_gateway_v16_candidate/docs/41_V14_PREFLIGHT_GATE_AND_SMOKE_PATH.md   OK
    testing: openpatch_agent_gateway_v16_candidate/docs/42_V15_IMPLEMENTATION_REPORT.md   OK
    testing: openpatch_agent_gateway_v16_candidate/docs/43_V15_AGENT_API_QUICK_REFERENCE.md   OK
    testing: openpatch_agent_gateway_v16_candidate/docs/44_V15_CODEX_BRIDGE_SMOKE_PATH.md   OK
    testing: openpatch_agent_gateway_v16_candidate/docs/45_V16_IMPLEMENTATION_REPORT.md   OK
    testing: openpatch_agent_gateway_v16_candidate/docs/46_V16_AGENT_API_QUICK_REFERENCE.md   OK
    testing: openpatch_agent_gateway_v16_candidate/docs/47_V16_NEXT_HOP_SMOKE_CHAIN.md   OK
    testing: openpatch_agent_gateway_v16_candidate/schemas/   OK
    testing: openpatch_agent_gateway_v16_candidate/schemas/openpatch.agent_button.v3.schema.json   OK
    testing: openpatch_agent_gateway_v16_candidate/schemas/openpatch.upload_receipt.v1.schema.json   OK
    testing: openpatch_agent_gateway_v16_candidate/schemas/openpatch.latest.v1.schema.json   OK
    testing: openpatch_agent_gateway_v16_candidate/schemas/openpatch.route_profiles.v1.schema.json   OK
    testing: openpatch_agent_gateway_v16_candidate/schemas/openpatch.bridge_latest.v1.schema.json   OK
    testing: openpatch_agent_gateway_v16_candidate/schemas/openpatch.bridge_queue.v1.schema.json   OK
    testing: openpatch_agent_gateway_v16_candidate/schemas/openpatch.sha_index.v1.schema.json   OK
    testing: openpatch_agent_gateway_v16_candidate/schemas/openpatch.agent_button.v6.schema.json   OK
    testing: openpatch_agent_gateway_v16_candidate/schemas/openpatch.agent_summary.v1.schema.json   OK
    testing: openpatch_agent_gateway_v16_candidate/schemas/openpatch.auto_continue_plan.v1.schema.json   OK
    testing: openpatch_agent_gateway_v16_candidate/schemas/openpatch.bridge_queue.v2.schema.json   OK
    testing: openpatch_agent_gateway_v16_candidate/schemas/openpatch.agent_button.v8.schema.json   OK
    testing: openpatch_agent_gateway_v16_candidate/schemas/openpatch.github_rate_status.v8.schema.json   OK
    testing: openpatch_agent_gateway_v16_candidate/schemas/openpatch.events_compact.v8.schema.json   OK
    testing: openpatch_agent_gateway_v16_candidate/schemas/openpatch.route_conflicts.v9.schema.json   OK
    testing: openpatch_agent_gateway_v16_candidate/schemas/openpatch.agent_button.v9.schema.json   OK
    testing: openpatch_agent_gateway_v16_candidate/schemas/openpatch.agent_button.v10.schema.json   OK
    testing: openpatch_agent_gateway_v16_candidate/schemas/openpatch.route_visual_map.v10.schema.json   OK
    testing: openpatch_agent_gateway_v16_candidate/schemas/openpatch.route_fix_suggestions.v10.schema.json   OK
    testing: openpatch_agent_gateway_v16_candidate/schemas/openpatch.agent_button.v11.schema.json   OK
    testing: openpatch_agent_gateway_v16_candidate/schemas/openpatch.config_lint.v11.schema.json   OK
    testing: openpatch_agent_gateway_v16_candidate/schemas/openpatch.smoke_plan.v11.schema.json   OK
    testing: openpatch_agent_gateway_v16_candidate/schemas/codex_brief.v15.schema.example.json   OK
    testing: openpatch_agent_gateway_v16_candidate/task_cards/   OK
    testing: openpatch_agent_gateway_v16_candidate/task_cards/FOR_CODEX_MINIMAL.md   OK
    testing: openpatch_agent_gateway_v16_candidate/task_cards/FOR_AUTO_CONTINUE.md   OK
    testing: openpatch_agent_gateway_v16_candidate/task_cards/FOR_REVIEWER.md   OK
    testing: openpatch_agent_gateway_v16_candidate/task_cards/FOR_CODEX_MINIMAL_V4.md   OK
    testing: openpatch_agent_gateway_v16_candidate/task_cards/FOR_CODEX_MINIMAL_V5.md   OK
    testing: openpatch_agent_gateway_v16_candidate/task_cards/FOR_AUTO_CONTINUE_V5.md   OK
    testing: openpatch_agent_gateway_v16_candidate/task_cards/FOR_CODEX_MINIMAL_V6.md   OK
    testing: openpatch_agent_gateway_v16_candidate/task_cards/FOR_AUTO_CONTINUE_V6.md   OK
    testing: openpatch_agent_gateway_v16_candidate/task_cards/FOR_REVIEWER_V6.md   OK
    testing: openpatch_agent_gateway_v16_candidate/task_cards/FOR_CODEX_MINIMAL_V7.md   OK
    testing: openpatch_agent_gateway_v16_candidate/task_cards/FOR_AUTO_CONTINUE_V7.md   OK
    testing: openpatch_agent_gateway_v16_candidate/task_cards/FOR_CODEX_MINIMAL_V8.md   OK
    testing: openpatch_agent_gateway_v16_candidate/task_cards/FOR_AUTO_CONTINUE_V8.md   OK
    testing: openpatch_agent_gateway_v16_candidate/task_cards/FOR_CODEX_MINIMAL_V9.md   OK
    testing: openpatch_agent_gateway_v16_candidate/task_cards/FOR_GITHUB_TEST_UPLOAD_V9.md   OK
    testing: openpatch_agent_gateway_v16_candidate/task_cards/FOR_CODEX_MINIMAL_V10.md   OK
    testing: openpatch_agent_gateway_v16_candidate/task_cards/FOR_AUTO_CONTINUE_V10.md   OK
    testing: openpatch_agent_gateway_v16_candidate/task_cards/FOR_GITHUB_TEST_UPLOAD_V10.md   OK
    testing: openpatch_agent_gateway_v16_candidate/task_cards/FOR_CODEX_MINIMAL_V11.md   OK
    testing: openpatch_agent_gateway_v16_candidate/task_cards/FOR_GITHUB_TEST_UPLOAD_V11.md   OK
    testing: openpatch_agent_gateway_v16_candidate/task_cards/FOR_CODEX_MINIMAL_V12.md   OK
    testing: openpatch_agent_gateway_v16_candidate/task_cards/FOR_AUTO_CONTINUE_V12.md   OK
    testing: openpatch_agent_gateway_v16_candidate/task_cards/FOR_GITHUB_TEST_UPLOAD_V12.md   OK
    testing: openpatch_agent_gateway_v16_candidate/task_cards/FOR_CODEX_MINIMAL_V13.md   OK
    testing: openpatch_agent_gateway_v16_candidate/task_cards/FOR_AUTO_CONTINUE_V13.md   OK
    testing: openpatch_agent_gateway_v16_candidate/task_cards/FOR_CODEX_MINIMAL_V14.md   OK
    testing: openpatch_agent_gateway_v16_candidate/task_cards/FOR_AUTO_CONTINUE_V14.md   OK
    testing: openpatch_agent_gateway_v16_candidate/task_cards/FOR_GITHUB_TEST_UPLOAD_V14.md   OK
    testing: openpatch_agent_gateway_v16_candidate/task_cards/FOR_CODEX_MINIMAL_V15.md   OK
    testing: openpatch_agent_gateway_v16_candidate/task_cards/FOR_AUTO_CONTINUE_V15.md   OK
    testing: openpatch_agent_gateway_v16_candidate/task_cards/FOR_CODEX_MINIMAL_V16.md   OK
    testing: openpatch_agent_gateway_v16_candidate/task_cards/FOR_AUTO_CONTINUE_V16.md   OK
    testing: openpatch_agent_gateway_v16_candidate/task_cards/FOR_GITHUB_TEST_UPLOAD_V16.md   OK
    testing: openpatch_agent_gateway_v16_candidate/checks/   OK
    testing: openpatch_agent_gateway_v16_candidate/checks/QA_CHECKLIST.md   OK
    testing: openpatch_agent_gateway_v16_candidate/checks/SELF_TEST_REPORT.md   OK
    testing: openpatch_agent_gateway_v16_candidate/checks/npm_run_check.log   OK
    testing: openpatch_agent_gateway_v16_candidate/checks/local_bridge_node_check.log   OK
    testing: openpatch_agent_gateway_v16_candidate/checks/local_bridge_health.json   OK
    testing: openpatch_agent_gateway_v16_candidate/checks/local_bridge_routes.json   OK
    testing: openpatch_agent_gateway_v16_candidate/checks/local_bridge_receipt_post.json   OK
    testing: openpatch_agent_gateway_v16_candidate/checks/local_bridge_status.json   OK
    testing: openpatch_agent_gateway_v16_candidate/checks/bridge_v4_server.log   OK
    testing: openpatch_agent_gateway_v16_candidate/checks/bridge_v4_health.json   OK
    testing: openpatch_agent_gateway_v16_candidate/checks/bridge_v4_cli_health.json   OK
    testing: openpatch_agent_gateway_v16_candidate/checks/bridge_v4_route_resolve.json   OK
    testing: openpatch_agent_gateway_v16_candidate/checks/bridge_v4_queue_enqueue.json   OK
    testing: openpatch_agent_gateway_v16_candidate/checks/bridge_v4_queue_status.json   OK
    testing: openpatch_agent_gateway_v16_candidate/checks/bridge_v4_receipt_post.json   OK
    testing: openpatch_agent_gateway_v16_candidate/checks/bridge_v4_latest.json   OK
    testing: openpatch_agent_gateway_v16_candidate/checks/bridge_v4_sha_index.json   OK
    testing: openpatch_agent_gateway_v16_candidate/checks/bridge_v4_dup_server.log   OK
    testing: openpatch_agent_gateway_v16_candidate/checks/bridge_v4_dup_receipt_1.json   OK
    testing: openpatch_agent_gateway_v16_candidate/checks/bridge_v4_dup_receipt_2.json   OK
    testing: openpatch_agent_gateway_v16_candidate/checks/npm_run_check_v4.log   OK
    testing: openpatch_agent_gateway_v16_candidate/checks/local_bridge_node_check_v4.log   OK
    testing: openpatch_agent_gateway_v16_candidate/checks/ledger_cli_node_check_v4.log   OK
    testing: openpatch_agent_gateway_v16_candidate/checks/SELF_TEST_REPORT_V4.md   OK
    testing: openpatch_agent_gateway_v16_candidate/checks/bridge_v5_health.json   OK
    testing: openpatch_agent_gateway_v16_candidate/checks/bridge_v5_config_status.json   OK
    testing: openpatch_agent_gateway_v16_candidate/checks/bridge_v5_archive_dry_run.json   OK
    testing: openpatch_agent_gateway_v16_candidate/checks/bridge_v5_latest.json   OK
    testing: openpatch_agent_gateway_v16_candidate/checks/bridge_v5_sha_index.json   OK
    testing: openpatch_agent_gateway_v16_candidate/checks/npm_test_v5.log   OK
    testing: openpatch_agent_gateway_v16_candidate/checks/npm_run_check_v5.log   OK
    testing: openpatch_agent_gateway_v16_candidate/checks/SELF_TEST_REPORT_V5.md   OK
    testing: openpatch_agent_gateway_v16_candidate/checks/npm_test_v6.log   OK
    testing: openpatch_agent_gateway_v16_candidate/checks/npm_run_check_v6.log   OK
    testing: openpatch_agent_gateway_v16_candidate/checks/bridge_v6_server.log   OK
    testing: openpatch_agent_gateway_v16_candidate/checks/bridge_v6_health.json   OK
    testing: openpatch_agent_gateway_v16_candidate/checks/bridge_v6_auto_continue_plan.json   OK
    testing: openpatch_agent_gateway_v16_candidate/checks/bridge_v6_archive_dry_run.json   OK
    testing: openpatch_agent_gateway_v16_candidate/checks/bridge_v6_agent_summary.json   OK
    testing: openpatch_agent_gateway_v16_candidate/checks/bridge_v6_receipt_query.json   OK
    testing: openpatch_agent_gateway_v16_candidate/checks/bridge_v6_queue_enqueue.json   OK
    testing: openpatch_agent_gateway_v16_candidate/checks/bridge_v6_queue_claim.json   OK
    testing: openpatch_agent_gateway_v16_candidate/checks/bridge_v6_queue_retry.json   OK
    testing: openpatch_agent_gateway_v16_candidate/checks/bridge_v6_events.json   OK
    testing: openpatch_agent_gateway_v16_candidate/checks/bridge_v6_cli_agent_summary.json   OK
    testing: openpatch_agent_gateway_v16_candidate/checks/SELF_TEST_REPORT_V6.md   OK
    testing: openpatch_agent_gateway_v16_candidate/checks/npm_test_v7.log   OK
    testing: openpatch_agent_gateway_v16_candidate/checks/npm_run_check_v7.log   OK
    testing: openpatch_agent_gateway_v16_candidate/checks/bridge_v7_server.log   OK
    testing: openpatch_agent_gateway_v16_candidate/checks/bridge_v7_health.json   OK
    testing: openpatch_agent_gateway_v16_candidate/checks/bridge_v7_compact_summary_empty.json   OK
    testing: openpatch_agent_gateway_v16_candidate/checks/bridge_v7_archive_dry_run.json   OK
    testing: openpatch_agent_gateway_v16_candidate/checks/bridge_v7_compact_summary_after_archive.json   OK
    testing: openpatch_agent_gateway_v16_candidate/checks/bridge_v7_queue_enqueue.json   OK
    testing: openpatch_agent_gateway_v16_candidate/checks/bridge_v7_queue_claim_batch.json   OK
    testing: openpatch_agent_gateway_v16_candidate/checks/bridge_v7_queue_stats.json   OK
    testing: openpatch_agent_gateway_v16_candidate/checks/bridge_v7_receipts_recent.json   OK
    testing: openpatch_agent_gateway_v16_candidate/checks/v7_parallel_archive_smoke.mjs   OK
    testing: openpatch_agent_gateway_v16_candidate/checks/bridge_v7_parallel_server.log   OK
    testing: openpatch_agent_gateway_v16_candidate/checks/bridge_v7_parallel_archive_smoke.json   OK
    testing: openpatch_agent_gateway_v16_candidate/checks/SELF_TEST_REPORT_V7.md   OK
    testing: openpatch_agent_gateway_v16_candidate/checks/local_bridge_node_check_v7.log   OK
    testing: openpatch_agent_gateway_v16_candidate/checks/ledger_cli_node_check_v7.log   OK
    testing: openpatch_agent_gateway_v16_candidate/checks/auto_continue_adapter_node_check_v7.log   OK
    testing: openpatch_agent_gateway_v16_candidate/checks/npm_test_v8.log   OK
    testing: openpatch_agent_gateway_v16_candidate/checks/npm_run_check_v8.log   OK
    testing: openpatch_agent_gateway_v16_candidate/checks/bridge_v8_server.log   OK
    testing: openpatch_agent_gateway_v16_candidate/checks/bridge_v8_health.json   OK
    testing: openpatch_agent_gateway_v16_candidate/checks/bridge_v8_rate_limit_status.json   OK
    testing: openpatch_agent_gateway_v16_candidate/checks/bridge_v8_stress_archive_50.json   OK
    testing: openpatch_agent_gateway_v16_candidate/checks/bridge_v8_queue_stats.json   OK
    testing: openpatch_agent_gateway_v16_candidate/checks/bridge_v8_compact_summary.json   OK
    testing: openpatch_agent_gateway_v16_candidate/checks/bridge_v8_events_compact.json   OK
    testing: openpatch_agent_gateway_v16_candidate/checks/bridge_v8_cli_rate_limit_status.json   OK
    testing: openpatch_agent_gateway_v16_candidate/checks/SELF_TEST_REPORT_V8.md   OK
    testing: openpatch_agent_gateway_v16_candidate/checks/npm_test_v9.log   OK
    testing: openpatch_agent_gateway_v16_candidate/checks/npm_run_check_v9.log   OK
    testing: openpatch_agent_gateway_v16_candidate/checks/local_bridge_node_check_v9.log   OK
    testing: openpatch_agent_gateway_v16_candidate/checks/ledger_cli_node_check_v9.log   OK
    testing: openpatch_agent_gateway_v16_candidate/checks/auto_continue_adapter_node_check_v9.log   OK
    testing: openpatch_agent_gateway_v16_candidate/checks/bridge_v9_server.log   OK
    testing: openpatch_agent_gateway_v16_candidate/checks/bridge_v9_health.json   OK
    testing: openpatch_agent_gateway_v16_candidate/checks/bridge_v9_routes_conflicts_static.json   OK
    testing: openpatch_agent_gateway_v16_candidate/checks/bridge_v9_routes_conflicts_dynamic.json   OK
    testing: openpatch_agent_gateway_v16_candidate/checks/bridge_v9_resolve_route.json   OK
    testing: openpatch_agent_gateway_v16_candidate/checks/bridge_v9_cli_routes_conflicts.json   OK
    testing: openpatch_agent_gateway_v16_candidate/checks/bridge_v9_stress_archive_300.json   OK
    testing: openpatch_agent_gateway_v16_candidate/checks/bridge_v9_queue_enqueue.json   OK
    testing: openpatch_agent_gateway_v16_candidate/checks/bridge_v9_queue_claim.json   OK
    testing: openpatch_agent_gateway_v16_candidate/checks/bridge_v9_queue_server.log   OK
    testing: openpatch_agent_gateway_v16_candidate/checks/bridge_v9_queue_health.json   OK
    testing: openpatch_agent_gateway_v16_candidate/checks/bridge_v9_queue_reclaim_expired.json   OK
    testing: openpatch_agent_gateway_v16_candidate/checks/SELF_TEST_REPORT_V9.md   OK
    testing: openpatch_agent_gateway_v16_candidate/checks/npm_test_v10.log   OK
    testing: openpatch_agent_gateway_v16_candidate/checks/npm_run_check_v10.log   OK
    testing: openpatch_agent_gateway_v16_candidate/checks/local_bridge_node_check_v10.log   OK
    testing: openpatch_agent_gateway_v16_candidate/checks/ledger_cli_node_check_v10.log   OK
    testing: openpatch_agent_gateway_v16_candidate/checks/auto_continue_adapter_node_check_v10.log   OK
    testing: openpatch_agent_gateway_v16_candidate/checks/bridge_v10_server.log   OK
    testing: openpatch_agent_gateway_v16_candidate/checks/bridge_v10_health.json   OK
    testing: openpatch_agent_gateway_v16_candidate/checks/bridge_v10_routes_visual.json   OK
    testing: openpatch_agent_gateway_v16_candidate/checks/bridge_v10_routes_fix_suggestions.json   OK
    testing: openpatch_agent_gateway_v16_candidate/checks/bridge_v10_route_stress_150.json   OK
    testing: openpatch_agent_gateway_v16_candidate/checks/bridge_v10_cli_routes_visual.json   OK
    testing: openpatch_agent_gateway_v16_candidate/checks/bridge_v10_cli_routes_fix_suggestions.json   OK
    testing: openpatch_agent_gateway_v16_candidate/checks/bridge_v10_cli_stress_routes.json   OK
    testing: openpatch_agent_gateway_v16_candidate/checks/SELF_TEST_REPORT_V10.md   OK
    testing: openpatch_agent_gateway_v16_candidate/checks/npm_test_v11.log   OK
    testing: openpatch_agent_gateway_v16_candidate/checks/npm_run_check_v11.log   OK
    testing: openpatch_agent_gateway_v16_candidate/checks/local_bridge_node_check_v11.log   OK
    testing: openpatch_agent_gateway_v16_candidate/checks/ledger_cli_node_check_v11.log   OK
    testing: openpatch_agent_gateway_v16_candidate/checks/auto_continue_adapter_node_check_v11.log   OK
    testing: openpatch_agent_gateway_v16_candidate/checks/bridge_v11_server.log   OK
    testing: openpatch_agent_gateway_v16_candidate/checks/bridge_v11_health.json   OK
    testing: openpatch_agent_gateway_v16_candidate/checks/bridge_v11_config_lint.json   OK
    testing: openpatch_agent_gateway_v16_candidate/checks/bridge_v11_smoke_plan.json   OK
    testing: openpatch_agent_gateway_v16_candidate/checks/bridge_v11_instances_empty.json   OK
    testing: openpatch_agent_gateway_v16_candidate/checks/bridge_v11_instance_register.json   OK
    testing: openpatch_agent_gateway_v16_candidate/checks/bridge_v11_instances_after.json   OK
    testing: openpatch_agent_gateway_v16_candidate/checks/bridge_v11_cli_config_lint.json   OK
    testing: openpatch_agent_gateway_v16_candidate/checks/bridge_v11_cli_smoke_plan.json   OK
    testing: openpatch_agent_gateway_v16_candidate/checks/bridge_v11_cli_instance_register.json   OK
    testing: openpatch_agent_gateway_v16_candidate/checks/bridge_v11_cli_instances.json   OK
    testing: openpatch_agent_gateway_v16_candidate/checks/bridge_v11_archive_dry_run.json   OK
    testing: openpatch_agent_gateway_v16_candidate/checks/bridge_v11_compact_summary.json   OK
    testing: openpatch_agent_gateway_v16_candidate/checks/SELF_TEST_REPORT_V11.md   OK
    testing: openpatch_agent_gateway_v16_candidate/checks/npm_test_v12.log   OK
    testing: openpatch_agent_gateway_v16_candidate/checks/npm_run_check_v12.log   OK
    testing: openpatch_agent_gateway_v16_candidate/checks/local_bridge_node_check_v12.log   OK
    testing: openpatch_agent_gateway_v16_candidate/checks/ledger_cli_node_check_v12.log   OK
    testing: openpatch_agent_gateway_v16_candidate/checks/bridge_v12_server.log   OK
    testing: openpatch_agent_gateway_v16_candidate/checks/bridge_v12_health.json   OK
    testing: openpatch_agent_gateway_v16_candidate/checks/bridge_v12_config_lint.json   OK
    testing: openpatch_agent_gateway_v16_candidate/checks/bridge_v12_readiness.json   OK
    testing: openpatch_agent_gateway_v16_candidate/checks/bridge_v12_codex_handoff.json   OK
    testing: openpatch_agent_gateway_v16_candidate/checks/bridge_v12_evidence_template.json   OK
    testing: openpatch_agent_gateway_v16_candidate/checks/bridge_v12_instance_register.json   OK
    testing: openpatch_agent_gateway_v16_candidate/checks/bridge_v12_instances_prune.json   OK
    testing: openpatch_agent_gateway_v16_candidate/checks/bridge_v12_cli_readiness.json   OK
    testing: openpatch_agent_gateway_v16_candidate/checks/bridge_v12_cli_codex_handoff.json   OK
    testing: openpatch_agent_gateway_v16_candidate/checks/bridge_v12_cli_evidence_template.json   OK
    testing: openpatch_agent_gateway_v16_candidate/checks/SELF_TEST_REPORT_V12.md   OK
    testing: openpatch_agent_gateway_v16_candidate/checks/npm_test_v13.log   OK
    testing: openpatch_agent_gateway_v16_candidate/checks/npm_run_check_v13.log   OK
    testing: openpatch_agent_gateway_v16_candidate/checks/local_bridge_node_check_v13.log   OK
    testing: openpatch_agent_gateway_v16_candidate/checks/ledger_cli_node_check_v13.log   OK
    testing: openpatch_agent_gateway_v16_candidate/checks/bridge_v13_health.json   OK
    testing: openpatch_agent_gateway_v16_candidate/checks/bridge_v13_config_snapshot.json   OK
    testing: openpatch_agent_gateway_v16_candidate/checks/bridge_v13_config_lint.json   OK
    testing: openpatch_agent_gateway_v16_candidate/checks/bridge_v13_projects.json   OK
    testing: openpatch_agent_gateway_v16_candidate/checks/bridge_v13_next_action.json   OK
    testing: openpatch_agent_gateway_v16_candidate/checks/bridge_v13_cli_config_snapshot.json   OK
    testing: openpatch_agent_gateway_v16_candidate/checks/bridge_v13_cli_next_action_after_archive.json   OK
    testing: openpatch_agent_gateway_v16_candidate/checks/bridge_v13_archive_dry_run.json   OK
    testing: openpatch_agent_gateway_v16_candidate/checks/bridge_v13_example_config_lint.json   OK
    testing: openpatch_agent_gateway_v16_candidate/checks/bridge_v13_example_config_snapshot.json   OK
    testing: openpatch_agent_gateway_v16_candidate/checks/bridge_v13_example_projects.json   OK
    testing: openpatch_agent_gateway_v16_candidate/checks/bridge_v13_example_cli_next_action.json   OK
    testing: openpatch_agent_gateway_v16_candidate/checks/SELF_TEST_REPORT_V13.md   OK
    testing: openpatch_agent_gateway_v16_candidate/checks/npm_test_v14.log   OK
    testing: openpatch_agent_gateway_v16_candidate/checks/npm_run_check_v14.log   OK
    testing: openpatch_agent_gateway_v16_candidate/checks/local_bridge_node_check_v14.log   OK
    testing: openpatch_agent_gateway_v16_candidate/checks/ledger_cli_node_check_v14.log   OK
    testing: openpatch_agent_gateway_v16_candidate/checks/bridge_v14_server.log   OK
    testing: openpatch_agent_gateway_v16_candidate/checks/bridge_v14_health.json   OK
    testing: openpatch_agent_gateway_v16_candidate/checks/bridge_v14_preflight.json   OK
    testing: openpatch_agent_gateway_v16_candidate/checks/bridge_v14_github_upload_gate.json   OK
    testing: openpatch_agent_gateway_v16_candidate/checks/bridge_v14_auto_continue_preflight.json   OK
    testing: openpatch_agent_gateway_v16_candidate/checks/bridge_v14_instances_compact.json   OK
    testing: openpatch_agent_gateway_v16_candidate/checks/bridge_v14_cli_preflight.json   OK
    testing: openpatch_agent_gateway_v16_candidate/checks/bridge_v14_cli_github_upload_gate.json   OK
    testing: openpatch_agent_gateway_v16_candidate/checks/bridge_v14_cli_auto_continue_preflight.json   OK
    testing: openpatch_agent_gateway_v16_candidate/checks/bridge_v14_cli_instances_compact.json   OK
    testing: openpatch_agent_gateway_v16_candidate/checks/bridge_v14_preflight_github.json   OK
    testing: openpatch_agent_gateway_v16_candidate/checks/SELF_TEST_REPORT_V14.md   OK
    testing: openpatch_agent_gateway_v16_candidate/checks/npm_test_v15.log   OK
    testing: openpatch_agent_gateway_v16_candidate/checks/npm_run_check_v15.log   OK
    testing: openpatch_agent_gateway_v16_candidate/checks/local_bridge_node_check_v15.log   OK
    testing: openpatch_agent_gateway_v16_candidate/checks/ledger_cli_node_check_v15.log   OK
    testing: openpatch_agent_gateway_v16_candidate/checks/bridge_v15_server.pid   OK
    testing: openpatch_agent_gateway_v16_candidate/checks/bridge_v15_server.log   OK
    testing: openpatch_agent_gateway_v16_candidate/checks/v15_bridge_data/   OK
    testing: openpatch_agent_gateway_v16_candidate/checks/v15_bridge_data/receipts/   OK
    testing: openpatch_agent_gateway_v16_candidate/checks/v15_bridge_data/receipts/openpatch-smoke/   OK
    testing: openpatch_agent_gateway_v16_candidate/checks/v15_bridge_data/receipts/openpatch-smoke/v15-smoke-001.json   OK
    testing: openpatch_agent_gateway_v16_candidate/checks/v15_bridge_data/receipts/openpatch-smoke/v15-cli-smoke-001.json   OK
    testing: openpatch_agent_gateway_v16_candidate/checks/v15_bridge_data/latest/   OK
    testing: openpatch_agent_gateway_v16_candidate/checks/v15_bridge_data/latest/openpatch-smoke.json   OK
    testing: openpatch_agent_gateway_v16_candidate/checks/v15_bridge_data/route_profiles.json   OK
    testing: openpatch_agent_gateway_v16_candidate/checks/v15_bridge_data/repo_aliases.json   OK
    testing: openpatch_agent_gateway_v16_candidate/checks/v15_bridge_data/keys.local.json   OK
    testing: openpatch_agent_gateway_v16_candidate/checks/v15_bridge_data/queue.json   OK
    testing: openpatch_agent_gateway_v16_candidate/checks/v15_bridge_data/events.jsonl   OK
    testing: openpatch_agent_gateway_v16_candidate/checks/v15_bridge_data/evidence/   OK
    testing: openpatch_agent_gateway_v16_candidate/checks/v15_bridge_data/evidence/openpatch-smoke/   OK
    testing: openpatch_agent_gateway_v16_candidate/checks/v15_bridge_data/evidence/openpatch-smoke/v15-smoke-001.json   OK
    testing: openpatch_agent_gateway_v16_candidate/checks/v15_bridge_data/evidence/openpatch-smoke/v15-cli-smoke-001.json   OK
    testing: openpatch_agent_gateway_v16_candidate/checks/v15_bridge_data/status.json   OK
    testing: openpatch_agent_gateway_v16_candidate/checks/v15_bridge_data/sha_index.json   OK
    testing: openpatch_agent_gateway_v16_candidate/checks/bridge_v15_health.json   OK
    testing: openpatch_agent_gateway_v16_candidate/checks/bridge_v15_codex_brief.json   OK
    testing: openpatch_agent_gateway_v16_candidate/checks/bridge_v15_operation_brief.json   OK
    testing: openpatch_agent_gateway_v16_candidate/checks/bridge_v15_smoke_run.json   OK
    testing: openpatch_agent_gateway_v16_candidate/checks/bridge_v15_cli_codex_brief.json   OK
    testing: openpatch_agent_gateway_v16_candidate/checks/bridge_v15_cli_operation_brief.json   OK
    testing: openpatch_agent_gateway_v16_candidate/checks/bridge_v15_cli_smoke_run.json   OK
    testing: openpatch_agent_gateway_v16_candidate/checks/SELF_TEST_REPORT_V15.md   OK
    testing: openpatch_agent_gateway_v16_candidate/checks/npm_test_v16.log   OK
    testing: openpatch_agent_gateway_v16_candidate/checks/npm_run_check_v16.log   OK
    testing: openpatch_agent_gateway_v16_candidate/checks/local_bridge_node_check_v16.log   OK
    testing: openpatch_agent_gateway_v16_candidate/checks/ledger_cli_node_check_v16.log   OK
    testing: openpatch_agent_gateway_v16_candidate/checks/bridge_v16_server.pid   OK
    testing: openpatch_agent_gateway_v16_candidate/checks/bridge_v16_server.log   OK
    testing: openpatch_agent_gateway_v16_candidate/checks/bridge_v16_health.json   OK
    testing: openpatch_agent_gateway_v16_candidate/checks/bridge_v16_smoke_run.json   OK
    testing: openpatch_agent_gateway_v16_candidate/checks/bridge_v16_next_hop.json   OK
    testing: openpatch_agent_gateway_v16_candidate/checks/bridge_v16_chrome_handoff.json   OK
    testing: openpatch_agent_gateway_v16_candidate/checks/bridge_v16_github_handoff.json   OK
    testing: openpatch_agent_gateway_v16_candidate/checks/bridge_v16_auto_continue_handoff.json   OK
    testing: openpatch_agent_gateway_v16_candidate/checks/bridge_v16_evidence_pack.json   OK
    testing: openpatch_agent_gateway_v16_candidate/checks/SELF_TEST_REPORT_V16.md   OK
    testing: openpatch_agent_gateway_v16_candidate/local-bridge/   OK
    testing: openpatch_agent_gateway_v16_candidate/local-bridge/openpatch-local-bridge.mjs   OK
    testing: openpatch_agent_gateway_v16_candidate/local-bridge/route_profiles.example.json   OK
    testing: openpatch_agent_gateway_v16_candidate/local-bridge/README.md   OK
    testing: openpatch_agent_gateway_v16_candidate/local-bridge/openpatch-ledger-cli.mjs   OK
    testing: openpatch_agent_gateway_v16_candidate/local-bridge/repo_aliases.example.json   OK
    testing: openpatch_agent_gateway_v16_candidate/local-bridge/keys.local.example.json   OK
    testing: openpatch_agent_gateway_v16_candidate/PATCH_FROM_V2_TO_V3.diff   OK
    testing: openpatch_agent_gateway_v16_candidate/README.md   OK
    testing: openpatch_agent_gateway_v16_candidate/audit_decision.json   OK
    testing: openpatch_agent_gateway_v16_candidate/SHA256SUMS.txt   OK
    testing: openpatch_agent_gateway_v16_candidate/github-workflows/   OK
    testing: openpatch_agent_gateway_v16_candidate/github-workflows/validate-roundpack.yml   OK
    testing: openpatch_agent_gateway_v16_candidate/PATCH_FROM_V3_TO_V4.diff   OK
    testing: openpatch_agent_gateway_v16_candidate/PATCH_FROM_V4_TO_V5.diff   OK
    testing: openpatch_agent_gateway_v16_candidate/PATCH_FROM_V5_TO_V6.diff   OK
    testing: openpatch_agent_gateway_v16_candidate/auto-continue-integration/   OK
    testing: openpatch_agent_gateway_v16_candidate/auto-continue-integration/roundpack_scheduler_adapter.js   OK
    testing: openpatch_agent_gateway_v16_candidate/auto-continue-integration/roundpack_scheduler_adapter_v8.js   OK
    testing: openpatch_agent_gateway_v16_candidate/auto-continue-integration/AUTO_CONTINUE_LIVE_ADAPTER_V9.md   OK
    testing: openpatch_agent_gateway_v16_candidate/auto-continue-integration/roundpack_scheduler_adapter_v9.js   OK
    testing: openpatch_agent_gateway_v16_candidate/auto-continue-integration/AUTO_CONTINUE_LIVE_ADAPTER_V11.md   OK
    testing: openpatch_agent_gateway_v16_candidate/browser-smoke/   OK
    testing: openpatch_agent_gateway_v16_candidate/browser-smoke/CHROME_DEV_PROFILE_SMOKE_TEST.md   OK
    testing: openpatch_agent_gateway_v16_candidate/browser-smoke/CHROME_DEV_PROFILE_SMOKE_TEST_V9.md   OK
    testing: openpatch_agent_gateway_v16_candidate/browser-smoke/CHROME_DEV_PROFILE_SMOKE_TEST_V11.md   OK
    testing: openpatch_agent_gateway_v16_candidate/browser-smoke/CHROME_DEV_PROFILE_SMOKE_TEST_V16.md   OK
    testing: openpatch_agent_gateway_v16_candidate/PATCH_FROM_V6_TO_V7.diff   OK
    testing: openpatch_agent_gateway_v16_candidate/PATCH_FROM_V7_TO_V8.diff   OK
    testing: openpatch_agent_gateway_v16_candidate/PATCH_FROM_V8_TO_V9.diff   OK
    testing: openpatch_agent_gateway_v16_candidate/PATCH_FROM_V9_TO_V10.diff   OK
    testing: openpatch_agent_gateway_v16_candidate/PATCH_FROM_V10_TO_V11.diff   OK
    testing: openpatch_agent_gateway_v16_candidate/PATCH_FROM_V11_TO_V12.diff   OK
    testing: openpatch_agent_gateway_v16_candidate/PATCH_FROM_V12_TO_V13.diff   OK
    testing: openpatch_agent_gateway_v16_candidate/PATCH_FROM_V13_TO_V14.diff   OK
    testing: openpatch_agent_gateway_v16_candidate/PATCH_FROM_V14_TO_V15.diff   OK
    testing: openpatch_agent_gateway_v16_candidate/PATCH_FROM_V15_TO_V16.diff   OK
No errors detected in compressed data of /mnt/data/openpatch_agent_gateway_v16_candidate.zip.
